************* SYNTAX TREE PRINTOUT ***********

  +-[IDNode,0,"helloworld"]
R-[ProgramOp]
  |   +-[IDNode,11,"Test"]
  | +-[ClassDefOp]
  | | |           +-[DUMMYnode]
  | | |         +-[CommaOp]
  | | |         | +-[STRINGNode,36,"Hello World !!!"]
  | | |       +-[RoutineCallOp]
  | | |       | |   +-[DUMMYnode]
  | | |       | | +-[SelectOp]
  | | |       | | | | +-[DUMMYnode]
  | | |       | | | +-[FieldOp]
  | | |       | | |   +-[IDNode,28,"println"]
  | | |       | +-[VarOp]
  | | |       |   +-[IDNode,21,"System"]
  | | |     +-[StmtOp]
  | | |     | +-[DUMMYnode]
  | | |   +-[BodyOp]
  | | |   | +-[DUMMYnode]
  | | | +-[MethodOp]
  | | | | |   +-[DUMMYnode]
  | | | | | +-[SpecOp]
  | | | | | | +-[DUMMYnode]
  | | | | +-[HeadOp]
  | | | |   +-[IDNode,16,"main"]
  | | +-[BodyOp]
  | |   +-[DUMMYnode]
  +-[ClassOp]
    +-[DUMMYnode]
